<?xml version="1.0" encoding="UTF-8"?>
<testng-results skipped="0" failed="1" ignored="0" total="3" passed="2">
  <reporter-output>
  </reporter-output>
  <suite name="Suite" duration-ms="37429" started-at="2022-09-18T13:38:38 EDT" finished-at="2022-09-18T13:39:16 EDT">
    <groups>
    </groups>
    <test name="Test" duration-ms="21062" started-at="2022-09-18T13:38:38 EDT" finished-at="2022-09-18T13:38:59 EDT">
      <class name="test1.Login">
        <test-method status="PASS" signature="login(java.lang.String,java.lang.String)[pri:0, instance:test1.Login@7975d1d8]" name="login" duration-ms="12316" started-at="2022-09-18T13:38:38 EDT" data-provider="getData" finished-at="2022-09-18T13:38:51 EDT">
          <params>
            <param index="0">
              <value>
                <![CDATA[Admin]]>
              </value>
            </param>
            <param index="1">
              <value>
                <![CDATA[admin123]]>
              </value>
            </param>
          </params>
          <reporter-output>
          </reporter-output>
        </test-method> <!-- login -->
        <test-method status="PASS" signature="login(java.lang.String,java.lang.String)[pri:0, instance:test1.Login@7975d1d8]" name="login" duration-ms="8686" started-at="2022-09-18T13:38:51 EDT" data-provider="getData" finished-at="2022-09-18T13:38:59 EDT">
          <params>
            <param index="0">
              <value>
                <![CDATA[Admin]]>
              </value>
            </param>
            <param index="1">
              <value>
                <![CDATA[password]]>
              </value>
            </param>
          </params>
          <reporter-output>
          </reporter-output>
        </test-method> <!-- login -->
      </class> <!-- test1.Login -->
    </test> <!-- Test -->
    <test name="Test1" duration-ms="15862" started-at="2022-09-18T13:39:00 EDT" finished-at="2022-09-18T13:39:16 EDT">
      <class name="test1.LoginHeading">
        <test-method status="PASS" signature="intitializeBrowser()[pri:0, instance:test1.LoginHeading@35a3d49f]" name="intitializeBrowser" is-config="true" duration-ms="4824" started-at="2022-09-18T13:39:00 EDT" finished-at="2022-09-18T13:39:05 EDT">
          <reporter-output>
          </reporter-output>
        </test-method> <!-- intitializeBrowser -->
        <test-method status="FAIL" signature="headingTest()[pri:0, instance:test1.LoginHeading@35a3d49f]" name="headingTest" duration-ms="10620" started-at="2022-09-18T13:39:05 EDT" finished-at="2022-09-18T13:39:15 EDT">
          <exception class="java.lang.AssertionError">
            <message>
              <![CDATA[expected:<Paul Collings> but was:<Pau Collings>]]>
            </message>
            <full-stacktrace>
              <![CDATA[java.lang.AssertionError: expected:<Paul Collings> but was:<Pau Collings>
at org.testng.AssertJUnit.assertEquals(AssertJUnit.java:115)
at org.testng.AssertJUnit.assertEquals(AssertJUnit.java:125)
at test1.LoginHeading.headingTest(LoginHeading.java:37)
at sun.reflect.NativeMethodAccessorImpl.invoke0(Native Method)
at sun.reflect.NativeMethodAccessorImpl.invoke(NativeMethodAccessorImpl.java:62)
at sun.reflect.DelegatingMethodAccessorImpl.invoke(DelegatingMethodAccessorImpl.java:43)
at java.lang.reflect.Method.invoke(Method.java:498)
at org.testng.internal.invokers.MethodInvocationHelper.invokeMethod(MethodInvocationHelper.java:135)
at org.testng.internal.invokers.TestInvoker.invokeMethod(TestInvoker.java:673)
at org.testng.internal.invokers.TestInvoker.invokeTestMethod(TestInvoker.java:220)
at org.testng.internal.invokers.MethodRunner.runInSequence(MethodRunner.java:50)
at org.testng.internal.invokers.TestInvoker$MethodInvocationAgent.invoke(TestInvoker.java:945)
at org.testng.internal.invokers.TestInvoker.invokeTestMethods(TestInvoker.java:193)
at org.testng.internal.invokers.TestMethodWorker.invokeTestMethods(TestMethodWorker.java:146)
at org.testng.internal.invokers.TestMethodWorker.run(TestMethodWorker.java:128)
at java.util.ArrayList.forEach(ArrayList.java:1259)
at org.testng.TestRunner.privateRun(TestRunner.java:808)
at org.testng.TestRunner.run(TestRunner.java:603)
at org.testng.SuiteRunner.runTest(SuiteRunner.java:429)
at org.testng.SuiteRunner.runSequentially(SuiteRunner.java:423)
at org.testng.SuiteRunner.privateRun(SuiteRunner.java:383)
at org.testng.SuiteRunner.run(SuiteRunner.java:326)
at org.testng.SuiteRunnerWorker.runSuite(SuiteRunnerWorker.java:52)
at org.testng.SuiteRunnerWorker.run(SuiteRunnerWorker.java:95)
at org.testng.TestNG.runSuitesSequentially(TestNG.java:1249)
at org.testng.TestNG.runSuitesLocally(TestNG.java:1169)
at org.testng.TestNG.runSuites(TestNG.java:1092)
at org.testng.TestNG.run(TestNG.java:1060)
at org.apache.maven.surefire.testng.TestNGExecutor.run(TestNGExecutor.java:324)
at org.apache.maven.surefire.testng.TestNGXmlTestSuite.execute(TestNGXmlTestSuite.java:74)
at org.apache.maven.surefire.testng.TestNGProvider.invoke(TestNGProvider.java:123)
at org.apache.maven.surefire.booter.ForkedBooter.runSuitesInProcess(ForkedBooter.java:456)
at org.apache.maven.surefire.booter.ForkedBooter.execute(ForkedBooter.java:169)
at org.apache.maven.surefire.booter.ForkedBooter.run(ForkedBooter.java:595)
at org.apache.maven.surefire.booter.ForkedBooter.main(ForkedBooter.java:581)
]]>
            </full-stacktrace>
          </exception> <!-- java.lang.AssertionError -->
          <reporter-output>
          </reporter-output>
        </test-method> <!-- headingTest -->
        <test-method status="PASS" signature="tearDown()[pri:0, instance:test1.LoginHeading@35a3d49f]" name="tearDown" is-config="true" duration-ms="111" started-at="2022-09-18T13:39:16 EDT" finished-at="2022-09-18T13:39:16 EDT">
          <reporter-output>
          </reporter-output>
        </test-method> <!-- tearDown -->
      </class> <!-- test1.LoginHeading -->
    </test> <!-- Test1 -->
  </suite> <!-- Suite -->
</testng-results>
