<?xml version="1.0" encoding="UTF-8"?>
<testng-results skipped="0" failed="1" ignored="0" total="3" passed="2">
  <reporter-output>
  </reporter-output>
  <suite name="Suite" duration-ms="42915" started-at="2022-09-05T22:29:07 EDT" finished-at="2022-09-05T22:29:50 EDT">
    <groups>
    </groups>
    <test name="Test" duration-ms="24257" started-at="2022-09-05T22:29:07 EDT" finished-at="2022-09-05T22:29:31 EDT">
      <class name="test1.Login">
        <test-method status="PASS" signature="login(java.lang.String,java.lang.String)[pri:0, instance:test1.Login@51bd8b5c]" name="login" duration-ms="14092" started-at="2022-09-05T22:29:07 EDT" data-provider="getData" finished-at="2022-09-05T22:29:21 EDT">
          <params>
            <param index="0">
              <value>
                <![CDATA[Admin]]>
              </value>
            </param>
            <param index="1">
              <value>
                <![CDATA[admin123]]>
              </value>
            </param>
          </params>
          <reporter-output>
          </reporter-output>
        </test-method> <!-- login -->
        <test-method status="PASS" signature="login(java.lang.String,java.lang.String)[pri:0, instance:test1.Login@51bd8b5c]" name="login" duration-ms="10031" started-at="2022-09-05T22:29:21 EDT" data-provider="getData" finished-at="2022-09-05T22:29:31 EDT">
          <params>
            <param index="0">
              <value>
                <![CDATA[Admin]]>
              </value>
            </param>
            <param index="1">
              <value>
                <![CDATA[password]]>
              </value>
            </param>
          </params>
          <reporter-output>
          </reporter-output>
        </test-method> <!-- login -->
      </class> <!-- test1.Login -->
    </test> <!-- Test -->
    <test name="Test1" duration-ms="17867" started-at="2022-09-05T22:29:32 EDT" finished-at="2022-09-05T22:29:50 EDT">
      <class name="test1.LoginHeading">
        <test-method status="PASS" signature="intitializeBrowser()[pri:0, instance:test1.LoginHeading@748741cb]" name="intitializeBrowser" is-config="true" duration-ms="4162" started-at="2022-09-05T22:29:32 EDT" finished-at="2022-09-05T22:29:36 EDT">
          <reporter-output>
          </reporter-output>
        </test-method> <!-- intitializeBrowser -->
        <test-method status="FAIL" signature="headingTest()[pri:0, instance:test1.LoginHeading@748741cb]" name="headingTest" duration-ms="13253" started-at="2022-09-05T22:29:36 EDT" finished-at="2022-09-05T22:29:49 EDT">
          <exception class="java.lang.AssertionError">
            <message>
              <![CDATA[expected:<kiran srirama> but was:<Pau Collings>]]>
            </message>
            <full-stacktrace>
              <![CDATA[java.lang.AssertionError: expected:<kiran srirama> but was:<Pau Collings>
at org.testng.AssertJUnit.assertEquals(AssertJUnit.java:115)
at org.testng.AssertJUnit.assertEquals(AssertJUnit.java:125)
at test1.LoginHeading.headingTest(LoginHeading.java:37)
at sun.reflect.NativeMethodAccessorImpl.invoke0(Native Method)
at sun.reflect.NativeMethodAccessorImpl.invoke(NativeMethodAccessorImpl.java:62)
at sun.reflect.DelegatingMethodAccessorImpl.invoke(DelegatingMethodAccessorImpl.java:43)
at java.lang.reflect.Method.invoke(Method.java:498)
at org.testng.internal.invokers.MethodInvocationHelper.invokeMethod(MethodInvocationHelper.java:135)
at org.testng.internal.invokers.TestInvoker.invokeMethod(TestInvoker.java:673)
at org.testng.internal.invokers.TestInvoker.invokeTestMethod(TestInvoker.java:220)
at org.testng.internal.invokers.MethodRunner.runInSequence(MethodRunner.java:50)
at org.testng.internal.invokers.TestInvoker$MethodInvocationAgent.invoke(TestInvoker.java:945)
at org.testng.internal.invokers.TestInvoker.invokeTestMethods(TestInvoker.java:193)
at org.testng.internal.invokers.TestMethodWorker.invokeTestMethods(TestMethodWorker.java:146)
at org.testng.internal.invokers.TestMethodWorker.run(TestMethodWorker.java:128)
at java.util.ArrayList.forEach(ArrayList.java:1259)
at org.testng.TestRunner.privateRun(TestRunner.java:808)
at org.testng.TestRunner.run(TestRunner.java:603)
at org.testng.SuiteRunner.runTest(SuiteRunner.java:429)
at org.testng.SuiteRunner.runSequentially(SuiteRunner.java:423)
at org.testng.SuiteRunner.privateRun(SuiteRunner.java:383)
at org.testng.SuiteRunner.run(SuiteRunner.java:326)
at org.testng.SuiteRunnerWorker.runSuite(SuiteRunnerWorker.java:52)
at org.testng.SuiteRunnerWorker.run(SuiteRunnerWorker.java:95)
at org.testng.TestNG.runSuitesSequentially(TestNG.java:1249)
at org.testng.TestNG.runSuitesLocally(TestNG.java:1169)
at org.testng.TestNG.runSuites(TestNG.java:1092)
at org.testng.TestNG.run(TestNG.java:1060)
at org.testng.remote.AbstractRemoteTestNG.run(AbstractRemoteTestNG.java:115)
at org.testng.remote.RemoteTestNG.initAndRun(RemoteTestNG.java:251)
at org.testng.remote.RemoteTestNG.main(RemoteTestNG.java:77)
]]>
            </full-stacktrace>
          </exception> <!-- java.lang.AssertionError -->
          <reporter-output>
          </reporter-output>
        </test-method> <!-- headingTest -->
        <test-method status="PASS" signature="tearDown()[pri:0, instance:test1.LoginHeading@748741cb]" name="tearDown" is-config="true" duration-ms="146" started-at="2022-09-05T22:29:49 EDT" finished-at="2022-09-05T22:29:50 EDT">
          <reporter-output>
          </reporter-output>
        </test-method> <!-- tearDown -->
      </class> <!-- test1.LoginHeading -->
    </test> <!-- Test1 -->
  </suite> <!-- Suite -->
</testng-results>
